<?xml version="1.0" encoding="UTF-8"?>
<testng-results ignored="0" total="5" passed="5" failed="0" skipped="0">
  <reporter-output>
  </reporter-output>
  <suite started-at="2022-05-08T17:35:53Z" name="Default suite" finished-at="2022-05-08T17:36:54Z" duration-ms="61515">
    <groups>
    </groups>
    <test started-at="2022-05-08T17:35:53Z" name="Default test" finished-at="2022-05-08T17:36:54Z" duration-ms="61515">
      <class name="com.test.sample.practice_automation.tests.AutomationScripts">
        <test-method is-config="true" signature="setupBrowserDriverPath()[pri:0, instance:com.test.sample.practice_automation.tests.AutomationScripts@54422e18]" started-at="2022-05-08T17:35:52Z" name="setupBrowserDriverPath" finished-at="2022-05-08T17:35:53Z" duration-ms="887" status="PASS">
          <reporter-output>
          </reporter-output>
        </test-method> <!-- setupBrowserDriverPath -->
        <test-method is-config="true" signature="initBrowser()[pri:0, instance:com.test.sample.practice_automation.tests.AutomationScripts@54422e18]" started-at="2022-05-08T17:35:53Z" name="initBrowser" finished-at="2022-05-08T17:36:17Z" duration-ms="23902" status="PASS">
          <reporter-output>
          </reporter-output>
        </test-method> <!-- initBrowser -->
        <test-method signature="validateBasicAuthByProvidingCorrectUNandPWD()[pri:0, instance:com.test.sample.practice_automation.tests.AutomationScripts@54422e18]" started-at="2022-05-08T17:36:17Z" name="validateBasicAuthByProvidingCorrectUNandPWD" finished-at="2022-05-08T17:36:18Z" duration-ms="981" status="PASS">
          <reporter-output>
          </reporter-output>
        </test-method> <!-- validateBasicAuthByProvidingCorrectUNandPWD -->
        <test-method is-config="true" signature="teardown()[pri:0, instance:com.test.sample.practice_automation.tests.AutomationScripts@54422e18]" started-at="2022-05-08T17:36:18Z" name="teardown" finished-at="2022-05-08T17:36:20Z" duration-ms="2059" status="PASS">
          <reporter-output>
          </reporter-output>
        </test-method> <!-- teardown -->
        <test-method is-config="true" signature="initBrowser()[pri:0, instance:com.test.sample.practice_automation.tests.AutomationScripts@54422e18]" started-at="2022-05-08T17:36:20Z" name="initBrowser" finished-at="2022-05-08T17:36:29Z" duration-ms="8621" status="PASS">
          <reporter-output>
          </reporter-output>
        </test-method> <!-- initBrowser -->
        <test-method signature="validateFileUpload()[pri:1, instance:com.test.sample.practice_automation.tests.AutomationScripts@54422e18]" started-at="2022-05-08T17:36:29Z" name="validateFileUpload" finished-at="2022-05-08T17:36:30Z" duration-ms="1928" status="PASS">
          <reporter-output>
          </reporter-output>
        </test-method> <!-- validateFileUpload -->
        <test-method is-config="true" signature="teardown()[pri:0, instance:com.test.sample.practice_automation.tests.AutomationScripts@54422e18]" started-at="2022-05-08T17:36:30Z" name="teardown" finished-at="2022-05-08T17:36:31Z" duration-ms="861" status="PASS">
          <reporter-output>
          </reporter-output>
        </test-method> <!-- teardown -->
        <test-method is-config="true" signature="initBrowser()[pri:0, instance:com.test.sample.practice_automation.tests.AutomationScripts@54422e18]" started-at="2022-05-08T17:36:31Z" name="initBrowser" finished-at="2022-05-08T17:36:37Z" duration-ms="5762" status="PASS">
          <reporter-output>
          </reporter-output>
        </test-method> <!-- initBrowser -->
        <test-method signature="validateFormAuthenticationForValidUNandPWD()[pri:2, instance:com.test.sample.practice_automation.tests.AutomationScripts@54422e18]" started-at="2022-05-08T17:36:37Z" name="validateFormAuthenticationForValidUNandPWD" finished-at="2022-05-08T17:36:39Z" duration-ms="2254" status="PASS">
          <reporter-output>
          </reporter-output>
        </test-method> <!-- validateFormAuthenticationForValidUNandPWD -->
        <test-method is-config="true" signature="teardown()[pri:0, instance:com.test.sample.practice_automation.tests.AutomationScripts@54422e18]" started-at="2022-05-08T17:36:39Z" name="teardown" finished-at="2022-05-08T17:36:40Z" duration-ms="869" status="PASS">
          <reporter-output>
          </reporter-output>
        </test-method> <!-- teardown -->
        <test-method is-config="true" signature="initBrowser()[pri:0, instance:com.test.sample.practice_automation.tests.AutomationScripts@54422e18]" started-at="2022-05-08T17:36:40Z" name="initBrowser" finished-at="2022-05-08T17:36:45Z" duration-ms="5207" status="PASS">
          <reporter-output>
          </reporter-output>
        </test-method> <!-- initBrowser -->
        <test-method signature="validateFormAuthenticationForInvalidUNandPWD()[pri:3, instance:com.test.sample.practice_automation.tests.AutomationScripts@54422e18]" started-at="2022-05-08T17:36:45Z" name="validateFormAuthenticationForInvalidUNandPWD" finished-at="2022-05-08T17:36:47Z" duration-ms="1483" status="PASS">
          <reporter-output>
          </reporter-output>
        </test-method> <!-- validateFormAuthenticationForInvalidUNandPWD -->
        <test-method is-config="true" signature="teardown()[pri:0, instance:com.test.sample.practice_automation.tests.AutomationScripts@54422e18]" started-at="2022-05-08T17:36:47Z" name="teardown" finished-at="2022-05-08T17:36:48Z" duration-ms="882" status="PASS">
          <reporter-output>
          </reporter-output>
        </test-method> <!-- teardown -->
        <test-method is-config="true" signature="initBrowser()[pri:0, instance:com.test.sample.practice_automation.tests.AutomationScripts@54422e18]" started-at="2022-05-08T17:36:48Z" name="initBrowser" finished-at="2022-05-08T17:36:53Z" duration-ms="5092" status="PASS">
          <reporter-output>
          </reporter-output>
        </test-method> <!-- initBrowser -->
        <test-method signature="validateCheckboxStatus()[pri:4, instance:com.test.sample.practice_automation.tests.AutomationScripts@54422e18]" started-at="2022-05-08T17:36:53Z" name="validateCheckboxStatus" finished-at="2022-05-08T17:36:53Z" duration-ms="547" status="PASS">
          <reporter-output>
          </reporter-output>
        </test-method> <!-- validateCheckboxStatus -->
        <test-method is-config="true" signature="teardown()[pri:0, instance:com.test.sample.practice_automation.tests.AutomationScripts@54422e18]" started-at="2022-05-08T17:36:53Z" name="teardown" finished-at="2022-05-08T17:36:54Z" duration-ms="1035" status="PASS">
          <reporter-output>
          </reporter-output>
        </test-method> <!-- teardown -->
      </class> <!-- com.test.sample.practice_automation.tests.AutomationScripts -->
    </test> <!-- Default test -->
  </suite> <!-- Default suite -->
</testng-results>
